<?xml version="1.0" encoding="UTF-8"?>
<testsuites>
  <testsuite name="" tests="36" assertions="41" errors="0" warnings="0" failures="0" skipped="0" time="0.159949">
    <testsuite name="all" tests="36" assertions="41" errors="0" warnings="0" failures="0" skipped="0" time="0.159949">
      <testsuite name="Kevindierkx\LaravelDomainLocalization\Tests\Concerns\HasLocaleConfigsTest" file="/Volumes/Projects/kevindierkx/laravel-domain-localization/tests/src/Concerns/HasLocaleConfigsTest.php" tests="23" assertions="25" errors="0" warnings="0" failures="0" skipped="0" time="0.115402">
        <testcase name="test_adding_locales" class="Kevindierkx\LaravelDomainLocalization\Tests\Concerns\HasLocaleConfigsTest" classname="Kevindierkx.LaravelDomainLocalization.Tests.Concerns.HasLocaleConfigsTest" file="/Volumes/Projects/kevindierkx/laravel-domain-localization/tests/src/Concerns/HasLocaleConfigsTest.php" line="11" assertions="2" time="0.059940"/>
        <testcase name="test_listing_all_locales" class="Kevindierkx\LaravelDomainLocalization\Tests\Concerns\HasLocaleConfigsTest" classname="Kevindierkx.LaravelDomainLocalization.Tests.Concerns.HasLocaleConfigsTest" file="/Volumes/Projects/kevindierkx/laravel-domain-localization/tests/src/Concerns/HasLocaleConfigsTest.php" line="18" assertions="1" time="0.003119"/>
        <testcase name="test_listing_a_locale_by_name" class="Kevindierkx\LaravelDomainLocalization\Tests\Concerns\HasLocaleConfigsTest" classname="Kevindierkx.LaravelDomainLocalization.Tests.Concerns.HasLocaleConfigsTest" file="/Volumes/Projects/kevindierkx/laravel-domain-localization/tests/src/Concerns/HasLocaleConfigsTest.php" line="23" assertions="1" time="0.002463"/>
        <testcase name="test_listing_an_unknown_locale_by_name_throws_an_exception" class="Kevindierkx\LaravelDomainLocalization\Tests\Concerns\HasLocaleConfigsTest" classname="Kevindierkx.LaravelDomainLocalization.Tests.Concerns.HasLocaleConfigsTest" file="/Volumes/Projects/kevindierkx/laravel-domain-localization/tests/src/Concerns/HasLocaleConfigsTest.php" line="28" assertions="1" time="0.002730"/>
        <testcase name="test_getting_the_tld_for_the_current_locale" class="Kevindierkx\LaravelDomainLocalization\Tests\Concerns\HasLocaleConfigsTest" classname="Kevindierkx.LaravelDomainLocalization.Tests.Concerns.HasLocaleConfigsTest" file="/Volumes/Projects/kevindierkx/laravel-domain-localization/tests/src/Concerns/HasLocaleConfigsTest.php" line="35" assertions="1" time="0.002414"/>
        <testcase name="test_getting_the_name_for_the_current_locale" class="Kevindierkx\LaravelDomainLocalization\Tests\Concerns\HasLocaleConfigsTest" classname="Kevindierkx.LaravelDomainLocalization.Tests.Concerns.HasLocaleConfigsTest" file="/Volumes/Projects/kevindierkx/laravel-domain-localization/tests/src/Concerns/HasLocaleConfigsTest.php" line="40" assertions="1" time="0.002404"/>
        <testcase name="test_getting_the_direction_for_the_current_locale" class="Kevindierkx\LaravelDomainLocalization\Tests\Concerns\HasLocaleConfigsTest" classname="Kevindierkx.LaravelDomainLocalization.Tests.Concerns.HasLocaleConfigsTest" file="/Volumes/Projects/kevindierkx/laravel-domain-localization/tests/src/Concerns/HasLocaleConfigsTest.php" line="45" assertions="1" time="0.002299"/>
        <testcase name="test_getting_the_script_for_the_current_locale" class="Kevindierkx\LaravelDomainLocalization\Tests\Concerns\HasLocaleConfigsTest" classname="Kevindierkx.LaravelDomainLocalization.Tests.Concerns.HasLocaleConfigsTest" file="/Volumes/Projects/kevindierkx/laravel-domain-localization/tests/src/Concerns/HasLocaleConfigsTest.php" line="50" assertions="1" time="0.002307"/>
        <testcase name="test_getting_the_native_for_the_current_locale" class="Kevindierkx\LaravelDomainLocalization\Tests\Concerns\HasLocaleConfigsTest" classname="Kevindierkx.LaravelDomainLocalization.Tests.Concerns.HasLocaleConfigsTest" file="/Volumes/Projects/kevindierkx/laravel-domain-localization/tests/src/Concerns/HasLocaleConfigsTest.php" line="55" assertions="1" time="0.002593"/>
        <testcase name="test_getting_the_tld_for_a_specific_locale" class="Kevindierkx\LaravelDomainLocalization\Tests\Concerns\HasLocaleConfigsTest" classname="Kevindierkx.LaravelDomainLocalization.Tests.Concerns.HasLocaleConfigsTest" file="/Volumes/Projects/kevindierkx/laravel-domain-localization/tests/src/Concerns/HasLocaleConfigsTest.php" line="60" assertions="1" time="0.002607"/>
        <testcase name="test_getting_unknown_as_the_tld_for_a_specific_locale" class="Kevindierkx\LaravelDomainLocalization\Tests\Concerns\HasLocaleConfigsTest" classname="Kevindierkx.LaravelDomainLocalization.Tests.Concerns.HasLocaleConfigsTest" file="/Volumes/Projects/kevindierkx/laravel-domain-localization/tests/src/Concerns/HasLocaleConfigsTest.php" line="65" assertions="1" time="0.002480"/>
        <testcase name="test_getting_the_name_for_a_specific_locale" class="Kevindierkx\LaravelDomainLocalization\Tests\Concerns\HasLocaleConfigsTest" classname="Kevindierkx.LaravelDomainLocalization.Tests.Concerns.HasLocaleConfigsTest" file="/Volumes/Projects/kevindierkx/laravel-domain-localization/tests/src/Concerns/HasLocaleConfigsTest.php" line="71" assertions="1" time="0.002413"/>
        <testcase name="test_getting_unknown_as_the_name_for_a_specific_locale" class="Kevindierkx\LaravelDomainLocalization\Tests\Concerns\HasLocaleConfigsTest" classname="Kevindierkx.LaravelDomainLocalization.Tests.Concerns.HasLocaleConfigsTest" file="/Volumes/Projects/kevindierkx/laravel-domain-localization/tests/src/Concerns/HasLocaleConfigsTest.php" line="76" assertions="1" time="0.002386"/>
        <testcase name="test_getting_the_direction_for_a_specific_locale" class="Kevindierkx\LaravelDomainLocalization\Tests\Concerns\HasLocaleConfigsTest" classname="Kevindierkx.LaravelDomainLocalization.Tests.Concerns.HasLocaleConfigsTest" file="/Volumes/Projects/kevindierkx/laravel-domain-localization/tests/src/Concerns/HasLocaleConfigsTest.php" line="82" assertions="1" time="0.002404"/>
        <testcase name="test_getting_unknown_as_the_direction_for_a_specific_locale" class="Kevindierkx\LaravelDomainLocalization\Tests\Concerns\HasLocaleConfigsTest" classname="Kevindierkx.LaravelDomainLocalization.Tests.Concerns.HasLocaleConfigsTest" file="/Volumes/Projects/kevindierkx/laravel-domain-localization/tests/src/Concerns/HasLocaleConfigsTest.php" line="87" assertions="1" time="0.002145"/>
        <testcase name="test_getting_the_script_for_a_specific_locale" class="Kevindierkx\LaravelDomainLocalization\Tests\Concerns\HasLocaleConfigsTest" classname="Kevindierkx.LaravelDomainLocalization.Tests.Concerns.HasLocaleConfigsTest" file="/Volumes/Projects/kevindierkx/laravel-domain-localization/tests/src/Concerns/HasLocaleConfigsTest.php" line="93" assertions="1" time="0.002001"/>
        <testcase name="test_getting_unknown_as_the_script_for_a_specific_locale" class="Kevindierkx\LaravelDomainLocalization\Tests\Concerns\HasLocaleConfigsTest" classname="Kevindierkx.LaravelDomainLocalization.Tests.Concerns.HasLocaleConfigsTest" file="/Volumes/Projects/kevindierkx/laravel-domain-localization/tests/src/Concerns/HasLocaleConfigsTest.php" line="98" assertions="1" time="0.002469"/>
        <testcase name="test_getting_the_native_for_a_specific_locale" class="Kevindierkx\LaravelDomainLocalization\Tests\Concerns\HasLocaleConfigsTest" classname="Kevindierkx.LaravelDomainLocalization.Tests.Concerns.HasLocaleConfigsTest" file="/Volumes/Projects/kevindierkx/laravel-domain-localization/tests/src/Concerns/HasLocaleConfigsTest.php" line="104" assertions="1" time="0.002633"/>
        <testcase name="test_getting_unknown_as_the_native_for_a_specific_locale" class="Kevindierkx\LaravelDomainLocalization\Tests\Concerns\HasLocaleConfigsTest" classname="Kevindierkx.LaravelDomainLocalization.Tests.Concerns.HasLocaleConfigsTest" file="/Volumes/Projects/kevindierkx/laravel-domain-localization/tests/src/Concerns/HasLocaleConfigsTest.php" line="109" assertions="1" time="0.002313"/>
        <testcase name="test_getting_the_supported_locale_name_by_tld" class="Kevindierkx\LaravelDomainLocalization\Tests\Concerns\HasLocaleConfigsTest" classname="Kevindierkx.LaravelDomainLocalization.Tests.Concerns.HasLocaleConfigsTest" file="/Volumes/Projects/kevindierkx/laravel-domain-localization/tests/src/Concerns/HasLocaleConfigsTest.php" line="115" assertions="1" time="0.002759"/>
        <testcase name="test_getting_an_unknown_locale_name_by_tld_throws_an_exception" class="Kevindierkx\LaravelDomainLocalization\Tests\Concerns\HasLocaleConfigsTest" classname="Kevindierkx.LaravelDomainLocalization.Tests.Concerns.HasLocaleConfigsTest" file="/Volumes/Projects/kevindierkx/laravel-domain-localization/tests/src/Concerns/HasLocaleConfigsTest.php" line="120" assertions="1" time="0.003079"/>
        <testcase name="test_getting_the_supported_locale_by_tld" class="Kevindierkx\LaravelDomainLocalization\Tests\Concerns\HasLocaleConfigsTest" classname="Kevindierkx.LaravelDomainLocalization.Tests.Concerns.HasLocaleConfigsTest" file="/Volumes/Projects/kevindierkx/laravel-domain-localization/tests/src/Concerns/HasLocaleConfigsTest.php" line="127" assertions="1" time="0.002516"/>
        <testcase name="test_having_a_supported_locale_by_tld" class="Kevindierkx\LaravelDomainLocalization\Tests\Concerns\HasLocaleConfigsTest" classname="Kevindierkx.LaravelDomainLocalization.Tests.Concerns.HasLocaleConfigsTest" file="/Volumes/Projects/kevindierkx/laravel-domain-localization/tests/src/Concerns/HasLocaleConfigsTest.php" line="132" assertions="2" time="0.002926"/>
      </testsuite>
      <testsuite name="Kevindierkx\LaravelDomainLocalization\Tests\DomainLocalizationTest" file="/Volumes/Projects/kevindierkx/laravel-domain-localization/tests/src/DomainLocalizationTest.php" tests="12" assertions="12" errors="0" warnings="0" failures="0" skipped="0" time="0.034517">
        <testcase name="test_not_having_the_default_locale_in_the_supported_locales_throws_an_exception" class="Kevindierkx\LaravelDomainLocalization\Tests\DomainLocalizationTest" classname="Kevindierkx.LaravelDomainLocalization.Tests.DomainLocalizationTest" file="/Volumes/Projects/kevindierkx/laravel-domain-localization/tests/src/DomainLocalizationTest.php" line="12" assertions="1" time="0.002745"/>
        <testcase name="test_getting_default_locale_matches_the_app_locale" class="Kevindierkx\LaravelDomainLocalization\Tests\DomainLocalizationTest" classname="Kevindierkx.LaravelDomainLocalization.Tests.DomainLocalizationTest" file="/Volumes/Projects/kevindierkx/laravel-domain-localization/tests/src/DomainLocalizationTest.php" line="19" assertions="1" time="0.002752"/>
        <testcase name="test_getting_the_current_locale_matches_the_app_locale" class="Kevindierkx\LaravelDomainLocalization\Tests\DomainLocalizationTest" classname="Kevindierkx.LaravelDomainLocalization.Tests.DomainLocalizationTest" file="/Volumes/Projects/kevindierkx/laravel-domain-localization/tests/src/DomainLocalizationTest.php" line="24" assertions="1" time="0.003119"/>
        <testcase name="test_setting_the_current_locale_matches_the_app_locale" class="Kevindierkx\LaravelDomainLocalization\Tests\DomainLocalizationTest" classname="Kevindierkx.LaravelDomainLocalization.Tests.DomainLocalizationTest" file="/Volumes/Projects/kevindierkx/laravel-domain-localization/tests/src/DomainLocalizationTest.php" line="29" assertions="1" time="0.002824"/>
        <testcase name="test_getting_the_tld_matches_the_correct_tld_from_the_supported_locales" class="Kevindierkx\LaravelDomainLocalization\Tests\DomainLocalizationTest" classname="Kevindierkx.LaravelDomainLocalization.Tests.DomainLocalizationTest" file="/Volumes/Projects/kevindierkx/laravel-domain-localization/tests/src/DomainLocalizationTest.php" line="36" assertions="1" time="0.002836"/>
        <testcase name="test_getting_the_tld_matches_the_fallback_and_not_an_incorrect_tld_when_the_tld_is_not_exactly_in_the_supported_locales" class="Kevindierkx\LaravelDomainLocalization\Tests\DomainLocalizationTest" classname="Kevindierkx.LaravelDomainLocalization.Tests.DomainLocalizationTest" file="/Volumes/Projects/kevindierkx/laravel-domain-localization/tests/src/DomainLocalizationTest.php" line="43" assertions="1" time="0.003073"/>
        <testcase name="test_getting_the_tld_from_an_incorrect_url_throws_an_exception" class="Kevindierkx\LaravelDomainLocalization\Tests\DomainLocalizationTest" classname="Kevindierkx.LaravelDomainLocalization.Tests.DomainLocalizationTest" file="/Volumes/Projects/kevindierkx/laravel-domain-localization/tests/src/DomainLocalizationTest.php" line="48" assertions="1" time="0.002950"/>
        <testsuite name="Kevindierkx\LaravelDomainLocalization\Tests\DomainLocalizationTest::test_compare_to_always_favor_the_longest_string" tests="3" assertions="3" errors="0" warnings="0" failures="0" skipped="0" time="0.008489">
          <testcase name="test_compare_to_always_favor_the_longest_string with data set #0" class="Kevindierkx\LaravelDomainLocalization\Tests\DomainLocalizationTest" classname="Kevindierkx.LaravelDomainLocalization.Tests.DomainLocalizationTest" file="/Volumes/Projects/kevindierkx/laravel-domain-localization/tests/src/DomainLocalizationTest.php" line="62" assertions="1" time="0.002985"/>
          <testcase name="test_compare_to_always_favor_the_longest_string with data set #1" class="Kevindierkx\LaravelDomainLocalization\Tests\DomainLocalizationTest" classname="Kevindierkx.LaravelDomainLocalization.Tests.DomainLocalizationTest" file="/Volumes/Projects/kevindierkx/laravel-domain-localization/tests/src/DomainLocalizationTest.php" line="62" assertions="1" time="0.002996"/>
          <testcase name="test_compare_to_always_favor_the_longest_string with data set #2" class="Kevindierkx\LaravelDomainLocalization\Tests\DomainLocalizationTest" classname="Kevindierkx.LaravelDomainLocalization.Tests.DomainLocalizationTest" file="/Volumes/Projects/kevindierkx/laravel-domain-localization/tests/src/DomainLocalizationTest.php" line="62" assertions="1" time="0.002508"/>
        </testsuite>
        <testcase name="test_getting_localized_url" class="Kevindierkx\LaravelDomainLocalization\Tests\DomainLocalizationTest" classname="Kevindierkx.LaravelDomainLocalization.Tests.DomainLocalizationTest" file="/Volumes/Projects/kevindierkx/laravel-domain-localization/tests/src/DomainLocalizationTest.php" line="80" assertions="1" time="0.002939"/>
        <testcase name="test_getting_unknown_localized_url_throws_an_exception" class="Kevindierkx\LaravelDomainLocalization\Tests\DomainLocalizationTest" classname="Kevindierkx.LaravelDomainLocalization.Tests.DomainLocalizationTest" file="/Volumes/Projects/kevindierkx/laravel-domain-localization/tests/src/DomainLocalizationTest.php" line="87" assertions="1" time="0.002790"/>
      </testsuite>
      <testsuite name="Kevindierkx\LaravelDomainLocalization\Tests\Middleware\SetupLocaleMiddlewareTest" file="/Volumes/Projects/kevindierkx/laravel-domain-localization/tests/src/Middleware/SetupLocaleMiddlewareTest.php" tests="1" assertions="4" errors="0" warnings="0" failures="0" skipped="0" time="0.010030">
        <testcase name="test_middleware_switches_between_locales_during_request" class="Kevindierkx\LaravelDomainLocalization\Tests\Middleware\SetupLocaleMiddlewareTest" classname="Kevindierkx.LaravelDomainLocalization.Tests.Middleware.SetupLocaleMiddlewareTest" file="/Volumes/Projects/kevindierkx/laravel-domain-localization/tests/src/Middleware/SetupLocaleMiddlewareTest.php" line="10" assertions="4" time="0.010030"/>
      </testsuite>
    </testsuite>
  </testsuite>
</testsuites>
